0 info it worked if it ends with ok
1 verbose cli [ 'node', '/usr/local/bin/npm', 'publish' ]
2 info using npm@2.7.5
3 info using node@v0.12.2
4 verbose node symlink /usr/local/bin/node
5 verbose publish [ '.' ]
6 silly cache add args [ '.', null ]
7 verbose cache add spec .
8 silly cache add parsed spec { raw: '.',
8 silly cache add   scope: null,
8 silly cache add   name: null,
8 silly cache add   rawSpec: '.',
8 silly cache add   spec: '/Users/mjr/Documents/code/internal/modules/react-static-jsx',
8 silly cache add   type: 'directory' }
9 verbose addLocalDirectory /Users/mjr/.npm/react-static-jsx/0.0.1/package.tgz not in flight; packing
10 verbose tar pack [ '/Users/mjr/.npm/react-static-jsx/0.0.1/package.tgz',
10 verbose tar pack   '/Users/mjr/Documents/code/internal/modules/react-static-jsx' ]
11 verbose tarball /Users/mjr/.npm/react-static-jsx/0.0.1/package.tgz
12 verbose folder /Users/mjr/Documents/code/internal/modules/react-static-jsx
13 info prepublish react-static-jsx@0.0.1
14 verbose addLocalTarball adding from inside cache /Users/mjr/.npm/react-static-jsx/0.0.1/package.tgz
15 silly cache afterAdd react-static-jsx@0.0.1
16 verbose afterAdd /Users/mjr/.npm/react-static-jsx/0.0.1/package/package.json not in flight; writing
17 verbose afterAdd /Users/mjr/.npm/react-static-jsx/0.0.1/package/package.json written
18 silly publish { name: 'react-static-jsx',
18 silly publish   version: '0.0.1',
18 silly publish   description: 'Renders children components using dangerouslySetInnerHTML',
18 silly publish   repository:
18 silly publish    { type: 'git',
18 silly publish      url: 'https://github.com/mangochomp/react-static-jsx' },
18 silly publish   author: { name: 'MangoChomp' },
18 silly publish   license: 'MIT',
18 silly publish   main: 'dist/static.js',
18 silly publish   scripts: { build: 'node ./node_modules/webpack/bin/webpack.js --verbose --colors --display-error-details --config webpack.config.js' },
18 silly publish   devDependencies:
18 silly publish    { 'babel-loader': '5.1.3',
18 silly publish      'babel-plugin-typecheck': '0.0.3',
18 silly publish      'fs-utils': '^0.6.0',
18 silly publish      'json-loader': '0.5.2',
18 silly publish      'jsx-loader': '^0.12.2',
18 silly publish      webpack: '1.9.10' },
18 silly publish   dependencies:
18 silly publish    { 'imports-loader': '^0.6.4',
18 silly publish      ramda: '^0.14.0',
18 silly publish      react: '^0.13.3',
18 silly publish      'react-style-to-css': '^0.0.1' },
18 silly publish   engines: { node: '>=0.10.32' },
18 silly publish   readme: '# react-static-jsx\nRenders children components using dangerouslySetInnerHTML\n',
18 silly publish   readmeFilename: 'README.md',
18 silly publish   gitHead: 'ac09aa1a0cac8a46fc63489c366442b23aa9f076',
18 silly publish   bugs: { url: 'https://github.com/mangochomp/react-static-jsx/issues' },
18 silly publish   homepage: 'https://github.com/mangochomp/react-static-jsx',
18 silly publish   _id: 'react-static-jsx@0.0.1',
18 silly publish   _shasum: '5e59acf04edb45541d3f7086a3aed116c3136119',
18 silly publish   _from: '.' }
19 silly mapToRegistry name react-static-jsx
20 silly mapToRegistry using default registry
21 silly mapToRegistry registry https://registry.npmjs.org/
22 silly mapToRegistry uri https://registry.npmjs.org/react-static-jsx
23 verbose publish registryBase https://registry.npmjs.org/
24 silly publish uploading /Users/mjr/.npm/react-static-jsx/0.0.1/package.tgz
25 verbose request uri https://registry.npmjs.org/react-static-jsx
26 verbose request sending authorization for write operation
27 info attempt registry request try #1 at 15:03:52
28 verbose request using bearer token for auth
29 verbose request id fbcb4788ce5677e6
30 http request PUT https://registry.npmjs.org/react-static-jsx
31 http 403 https://registry.npmjs.org/react-static-jsx
32 verbose headers { 'content-type': 'application/json',
32 verbose headers   'cache-control': 'max-age=60',
32 verbose headers   'content-length': '95',
32 verbose headers   'accept-ranges': 'bytes',
32 verbose headers   date: 'Mon, 22 Jun 2015 07:03:57 GMT',
32 verbose headers   via: '1.1 varnish',
32 verbose headers   connection: 'keep-alive',
32 verbose headers   'x-served-by': 'cache-lax1434-LAX',
32 verbose headers   'x-cache': 'MISS',
32 verbose headers   'x-cache-hits': '0',
32 verbose headers   'x-timer': 'S1434956632.848293,VS0,VE4152' }
33 verbose request invalidating /Users/mjr/.npm/registry.npmjs.org/react-static-jsx on PUT
34 error publish Failed PUT 403
35 verbose stack Error: "You cannot publish over the previously published version 0.0.1." : react-static-jsx
35 verbose stack     at CachingRegistryClient.<anonymous> (/usr/local/lib/node_modules/npm/node_modules/npm-registry-client/lib/request.js:247:14)
35 verbose stack     at Request._callback (/usr/local/lib/node_modules/npm/node_modules/npm-registry-client/lib/request.js:170:14)
35 verbose stack     at Request.self.callback (/usr/local/lib/node_modules/npm/node_modules/request/request.js:360:22)
35 verbose stack     at Request.emit (events.js:110:17)
35 verbose stack     at Request.<anonymous> (/usr/local/lib/node_modules/npm/node_modules/request/request.js:1202:14)
35 verbose stack     at Request.emit (events.js:129:20)
35 verbose stack     at IncomingMessage.<anonymous> (/usr/local/lib/node_modules/npm/node_modules/request/request.js:1150:12)
35 verbose stack     at IncomingMessage.emit (events.js:129:20)
35 verbose stack     at _stream_readable.js:908:16
35 verbose stack     at process._tickCallback (node.js:355:11)
36 verbose statusCode 403
37 verbose pkgid react-static-jsx
38 verbose cwd /Users/mjr/Documents/code/internal/modules/react-static-jsx
39 error Darwin 14.3.0
40 error argv "node" "/usr/local/bin/npm" "publish"
41 error node v0.12.2
42 error npm  v2.7.5
43 error code E403
44 error "You cannot publish over the previously published version 0.0.1." : react-static-jsx
45 error If you need help, you may report this error at:
45 error     <https://github.com/npm/npm/issues>
46 verbose exit [ 1, true ]
